Using pre-set license
Built from '2020.2/release' branch; Version is '2020.2.2f1 (068178b99f32) revision 426360'; Using compiler version '192528614'; Build Type 'Release'
OS: 'Windows 10 Home; OS build 19042.985; Version 2009; 64bit' Language: 'it' Physical Memory: 12188 MB
BatchMode: 1, IsHumanControllingUs: 0, StartBugReporterOnCrash: 0, Is64bit: 1, IsPro: 0

 COMMAND LINE ARGUMENTS:
C:\Program Files\Unity\Hub\Editor\2020.2.2f1\Editor\Unity.exe
-adb2
-batchMode
-noUpm
-name
AssetImportWorker0
-projectPath
C:/Users/Salvatore/Desktop/Human-Robot-Collaboration
-logFile
Logs/AssetImportWorker0.log
-srvPort
62061
Successfully changed project path to: C:/Users/Salvatore/Desktop/Human-Robot-Collaboration
C:/Users/Salvatore/Desktop/Human-Robot-Collaboration
Using Asset Import Pipeline V2.
Refreshing native plugins compatible for Editor in 61.56 ms, found 1 plugins.
Preloading 0 native plugins for Editor in 0.00 ms.
Initialize engine version: 2020.2.2f1 (068178b99f32)
[Subsystems] Discovering subsystems at path C:/Program Files/Unity/Hub/Editor/2020.2.2f1/Editor/Data/Resources/UnitySubsystems
[Subsystems] Discovering subsystems at path C:/Users/Salvatore/Desktop/Human-Robot-Collaboration/Assets
GfxDevice: creating device client; threaded=0
Direct3D:
    Version:  Direct3D 11.0 [level 11.0]
    Renderer: NVIDIA GeForce 920M (ID=0x1299)
    Vendor:   
    VRAM:     2020 MB
    Driver:   21.21.13.7639
Initialize mono
Mono path[0] = 'C:/Program Files/Unity/Hub/Editor/2020.2.2f1/Editor/Data/Managed'
Mono path[1] = 'C:/Program Files/Unity/Hub/Editor/2020.2.2f1/Editor/Data/MonoBleedingEdge/lib/mono/unityjit'
Mono config path = 'C:/Program Files/Unity/Hub/Editor/2020.2.2f1/Editor/Data/MonoBleedingEdge/etc'
Using monoOptions --debugger-agent=transport=dt_socket,embedding=1,server=y,suspend=n,address=127.0.0.1:56936
Begin MonoManager ReloadAssembly
Registering precompiled unity dll's ...
Register platform support module: C:/Program Files/Unity/Hub/Editor/2020.2.2f1/Editor/Data/PlaybackEngines/WindowsStandaloneSupport/UnityEditor.WindowsStandalone.Extensions.dll
Registered in 0.004081 seconds.
Native extension for WindowsStandalone target not found
Refreshing native plugins compatible for Editor in 58.72 ms, found 1 plugins.
Preloading 0 native plugins for Editor in 0.00 ms.
Invoked RoslynAnalysisRunner static constructor.
RoslynAnalysisRunner will not be running.
RoslynAnalysisRunner has terminated.
Mono: successfully reloaded assembly
- Completed reload, in  1.938 seconds
Platform modules already initialized, skipping
Registering precompiled user dll's ...
Registered in 0.011139 seconds.
Begin MonoManager ReloadAssembly
Native extension for WindowsStandalone target not found
Refreshing native plugins compatible for Editor in 56.20 ms, found 1 plugins.
Preloading 0 native plugins for Editor in 0.00 ms.
Invoked RoslynAnalysisRunner static constructor.
RoslynAnalysisRunner will not be running.
RoslynAnalysisRunner has terminated.
Mono: successfully reloaded assembly
- Completed reload, in  1.417 seconds
Platform modules already initialized, skipping
========================================================================
Worker process is ready to serve import requests
Launched and connected shader compiler UnityShaderCompiler.exe after 0.10 seconds
Refreshing native plugins compatible for Editor in 0.54 ms, found 1 plugins.
Preloading 0 native plugins for Editor in 0.00 ms.
Unloading 1351 Unused Serialized files (Serialized files now loaded: 0)
System memory in use before: 63.6 MB.
System memory in use after: 63.6 MB.

Unloading 23 unused Assets to reduce memory usage. Loaded Objects now: 1799.
Total: 2.312800 ms (FindLiveObjects: 0.282600 ms CreateObjectMapping: 0.080500 ms MarkObjects: 1.838500 ms  DeleteObjects: 0.109600 ms)

========================================================================
Received Import Request.
  path: Assets/Scripts/ROSInterface.cs
  artifactKey: Guid(6b8814a8ff21b1e44b81e2fc0fbf4426) Importer(815301076,1909f56bfc062723c751e8b465ee728b)
Start importing Assets/Scripts/ROSInterface.cs using Guid(6b8814a8ff21b1e44b81e2fc0fbf4426) Importer(815301076,1909f56bfc062723c751e8b465ee728b)  -> (artifact id: '8b2e8172de3265bf7dfa2c900e6a772f') in 0.042591 seconds
  Import took 0.236127 seconds .

========================================================================
Received Import Request.
  Time since last request: 196.088683 seconds.
  path: Assets/Scripts/ROSInterface.cs
  artifactKey: Guid(6b8814a8ff21b1e44b81e2fc0fbf4426) Importer(815301076,1909f56bfc062723c751e8b465ee728b)
Start importing Assets/Scripts/ROSInterface.cs using Guid(6b8814a8ff21b1e44b81e2fc0fbf4426) Importer(815301076,1909f56bfc062723c751e8b465ee728b)  -> (artifact id: '6b22184acec85fed4c4f50b556414f08') in 0.007624 seconds
  Import took 1.201397 seconds .

========================================================================
Received Prepare
Registering precompiled user dll's ...
Registered in 0.015198 seconds.
Begin MonoManager ReloadAssembly
Native extension for WindowsStandalone target not found
Refreshing native plugins compatible for Editor in 0.40 ms, found 1 plugins.
Preloading 0 native plugins for Editor in 0.00 ms.
Invoked RoslynAnalysisRunner static constructor.
RoslynAnalysisRunner will not be running.
RoslynAnalysisRunner has terminated.
Mono: successfully reloaded assembly
- Completed reload, in  1.462 seconds
Platform modules already initialized, skipping
Refreshing native plugins compatible for Editor in 0.42 ms, found 1 plugins.
Preloading 0 native plugins for Editor in 0.00 ms.
Unloading 1346 Unused Serialized files (Serialized files now loaded: 0)
System memory in use before: 63.8 MB.
System memory in use after: 63.9 MB.

Unloading 18 unused Assets to reduce memory usage. Loaded Objects now: 1801.
Total: 2.815100 ms (FindLiveObjects: 0.322800 ms CreateObjectMapping: 0.103800 ms MarkObjects: 2.283900 ms  DeleteObjects: 0.102800 ms)

========================================================================
Received Import Request.
  Time since last request: 273.592514 seconds.
  path: Assets/Scripts/BaxterController.cs
  artifactKey: Guid(4644c7367f56a874c87777ecd722a490) Importer(815301076,1909f56bfc062723c751e8b465ee728b)
Start importing Assets/Scripts/BaxterController.cs using Guid(4644c7367f56a874c87777ecd722a490) Importer(815301076,1909f56bfc062723c751e8b465ee728b)  -> (artifact id: 'f6cef9286cde1ee3da2484d1f8434333') in 0.008133 seconds
  Import took 0.023618 seconds .

========================================================================
Received Prepare
Registering precompiled user dll's ...
Registered in 0.012231 seconds.
Begin MonoManager ReloadAssembly
Native extension for WindowsStandalone target not found
Refreshing native plugins compatible for Editor in 0.50 ms, found 1 plugins.
Preloading 0 native plugins for Editor in 0.00 ms.
Invoked RoslynAnalysisRunner static constructor.
RoslynAnalysisRunner will not be running.
RoslynAnalysisRunner has terminated.
Mono: successfully reloaded assembly
- Completed reload, in  1.797 seconds
Platform modules already initialized, skipping
Refreshing native plugins compatible for Editor in 0.49 ms, found 1 plugins.
Preloading 0 native plugins for Editor in 0.00 ms.
Unloading 1346 Unused Serialized files (Serialized files now loaded: 0)
System memory in use before: 64.1 MB.
System memory in use after: 64.2 MB.

Unloading 18 unused Assets to reduce memory usage. Loaded Objects now: 1803.
Total: 2.301400 ms (FindLiveObjects: 0.291400 ms CreateObjectMapping: 0.096100 ms MarkObjects: 1.809100 ms  DeleteObjects: 0.102800 ms)

AssetImportWorkerClient::OnTransportError - code=2 error=End of file
